<?xml version="1.0" encoding="UTF-8"?>
<!-- Generated by org.testng.reporters.JUnitReportReporter -->
<testsuite hostname="LAPTOP-INQHA09L" failures="0" tests="2" name="com.tn.tests.HomepageTests" time="12.407" errors="0" timestamp="2022-02-08T17:56:15 IST" skipped="0">
  <testcase classname="com.tn.tests.HomepageTests" name="test1" time="6.344"/>
  <system-out/>
  <testcase classname="com.tn.tests.HomepageTests" name="test2" time="6.063"/>
  <system-out/>
</testsuite> <!-- com.tn.tests.HomepageTests -->
