<?xml version="1.0" encoding="UTF-8"?>
<!-- Generated by org.testng.reporters.JUnitReportReporter -->
<testsuite hostname="LAPTOP-INQHA09L" failures="0" tests="3" name="com.tn.tests.TC_LF_001_LoginPage" time="29.535" errors="0" timestamp="2022-02-12T19:47:20 IST" skipped="0">
  <testcase classname="com.tn.tests.TC_LF_001_LoginPage" name="VerifyLoginTest" time="9.828"/>
  <system-out/>
  <testcase classname="com.tn.tests.TC_LF_001_LoginPage" name="VerifyLoginTest" time="8.083"/>
  <system-out/>
  <testcase classname="com.tn.tests.TC_LF_001_LoginPage" name="VerifyLoginTest" time="11.624"/>
  <system-out/>
</testsuite> <!-- com.tn.tests.TC_LF_001_LoginPage -->
