<?xml version="1.0" encoding="UTF-8"?>
<!-- Generated by org.testng.reporters.JUnitReportReporter -->
<testsuite hostname="LAPTOP-INQHA09L" failures="0" tests="1" name="com.tn.tests.AmazonDemoTest" time="9.574" errors="0" timestamp="2022-02-12T11:26:14 IST" skipped="0">
  <testcase classname="com.tn.tests.AmazonDemoTest" name="amazonTest" time="9.574"/>
  <system-out/>
</testsuite> <!-- com.tn.tests.AmazonDemoTest -->
