<?xml version="1.0" encoding="UTF-8"?>
<!-- Generated by org.testng.reporters.JUnitReportReporter -->
<testsuite hostname="LAPTOP-INQHA09L" failures="0" tests="5" name="com.tn.tests.TC_SearchPage" time="28.191" errors="0" timestamp="2022-02-17T18:18:30 IST" skipped="0">
  <testcase classname="com.tn.tests.TC_SearchPage" name="VerifySearchUsingTextFromProductDesc_TC007" time="9.774"/>
  <system-out/>
  <testcase classname="com.tn.tests.TC_SearchPage" name="VerifySearchingWithNonExistingProduct_TC002" time="5.934"/>
  <system-out/>
  <testcase classname="com.tn.tests.TC_SearchPage" name="VerifySearchingWithExistingProduct_TC001" time="3.671"/>
  <system-out/>
  <testcase classname="com.tn.tests.TC_SearchPage" name="VerifySearchingAfterLogin_TC004" time="5.093"/>
  <system-out/>
  <testcase classname="com.tn.tests.TC_SearchPage" name="VerifySearchingWithoutProductNmae_TC003" time="3.719"/>
  <system-out/>
</testsuite> <!-- com.tn.tests.TC_SearchPage -->
